<?xml version="1.0" encoding="UTF-8"?>
<!-- Generated by org.testng.reporters.JUnitReportReporter -->
<testsuite hostname="NLHQ3739748-MB.home" failures="0" tests="3" name="testrunner.Runner" time="0.062" errors="0" timestamp="30 Nov 2023 19:01:17 GMT" skipped="3">
  <testcase classname="testrunner.Runner" name="runScenario" time="0.059">
    <skipped/>
  </testcase> <!-- runScenario -->
  <testcase classname="testrunner.Runner" name="runScenario" time="0.002">
    <skipped/>
  </testcase> <!-- runScenario -->
  <testcase classname="testrunner.Runner" name="runScenario" time="0.001">
    <skipped/>
  </testcase> <!-- runScenario -->
</testsuite> <!-- testrunner.Runner -->
